0 info it worked if it ends with ok
1 verbose cli [ '/home/ubuntu/.nvm/versions/node/v4.1.2/bin/node',
1 verbose cli   '/home/ubuntu/.nvm/versions/node/v4.1.2/bin/npm',
1 verbose cli   'owner',
1 verbose cli   'ls',
1 verbose cli   'file-metadata-api' ]
2 info using npm@2.14.4
3 info using node@v4.1.2
4 silly mapToRegistry name file-metadata-api
5 silly mapToRegistry using default registry
6 silly mapToRegistry registry https://registry.npmjs.org/
7 silly mapToRegistry uri https://registry.npmjs.org/file-metadata-api
8 verbose request uri https://registry.npmjs.org/file-metadata-api
9 verbose request no auth needed
10 info attempt registry request try #1 at 2:12:08 PM
11 verbose request using bearer token for auth
12 verbose request id 8358f6ea11e86e13
13 http request GET https://registry.npmjs.org/file-metadata-api
14 http 404 https://registry.npmjs.org/file-metadata-api
15 verbose headers { 'content-type': 'application/json',
15 verbose headers   'cache-control': 'max-age=0',
15 verbose headers   'content-length': '2',
15 verbose headers   'accept-ranges': 'bytes',
15 verbose headers   date: 'Fri, 06 Jan 2017 14:12:09 GMT',
15 verbose headers   via: '1.1 varnish',
15 verbose headers   connection: 'keep-alive',
15 verbose headers   'x-served-by': 'cache-lhr6346-LHR',
15 verbose headers   'x-cache': 'MISS',
15 verbose headers   'x-cache-hits': '0',
15 verbose headers   'x-timer': 'S1483711928.815913,VS0,VE612',
15 verbose headers   vary: 'Accept-Encoding' }
16 silly get cb [ 404,
16 silly get   { 'content-type': 'application/json',
16 silly get     'cache-control': 'max-age=0',
16 silly get     'content-length': '2',
16 silly get     'accept-ranges': 'bytes',
16 silly get     date: 'Fri, 06 Jan 2017 14:12:09 GMT',
16 silly get     via: '1.1 varnish',
16 silly get     connection: 'keep-alive',
16 silly get     'x-served-by': 'cache-lhr6346-LHR',
16 silly get     'x-cache': 'MISS',
16 silly get     'x-cache-hits': '0',
16 silly get     'x-timer': 'S1483711928.815913,VS0,VE612',
16 silly get     vary: 'Accept-Encoding' } ]
17 error owner ls Couldn't get owner data file-metadata-api
18 verbose stack Error: Registry returned 404 for GET on https://registry.npmjs.org/file-metadata-api
18 verbose stack     at makeError (/home/ubuntu/.nvm/versions/node/v4.1.2/lib/node_modules/npm/node_modules/npm-registry-client/lib/request.js:263:12)
18 verbose stack     at CachingRegistryClient.<anonymous> (/home/ubuntu/.nvm/versions/node/v4.1.2/lib/node_modules/npm/node_modules/npm-registry-client/lib/request.js:241:14)
18 verbose stack     at Request._callback (/home/ubuntu/.nvm/versions/node/v4.1.2/lib/node_modules/npm/node_modules/npm-registry-client/lib/request.js:171:14)
18 verbose stack     at Request.self.callback (/home/ubuntu/.nvm/versions/node/v4.1.2/lib/node_modules/npm/node_modules/request/request.js:198:22)
18 verbose stack     at emitTwo (events.js:87:13)
18 verbose stack     at Request.emit (events.js:172:7)
18 verbose stack     at Request.<anonymous> (/home/ubuntu/.nvm/versions/node/v4.1.2/lib/node_modules/npm/node_modules/request/request.js:1073:14)
18 verbose stack     at emitOne (events.js:82:20)
18 verbose stack     at Request.emit (events.js:169:7)
18 verbose stack     at IncomingMessage.<anonymous> (/home/ubuntu/.nvm/versions/node/v4.1.2/lib/node_modules/npm/node_modules/request/request.js:1019:12)
19 verbose statusCode 404
20 verbose pkgid file-metadata-api
21 verbose cwd /home/ubuntu/workspace/filemetadata_api
22 error Linux 4.2.0-c9
23 error argv "/home/ubuntu/.nvm/versions/node/v4.1.2/bin/node" "/home/ubuntu/.nvm/versions/node/v4.1.2/bin/npm" "owner" "ls" "file-metadata-api"
24 error node v4.1.2
25 error npm  v2.14.4
26 error code E404
27 error 404 Registry returned 404 for GET on https://registry.npmjs.org/file-metadata-api
27 error 404
27 error 404 'file-metadata-api' is not in the npm registry.
27 error 404 You should bug the author to publish it (or use the name yourself!)
27 error 404
27 error 404 Note that you can also install from a
27 error 404 tarball, folder, http url, or git url.
28 verbose exit [ 1, true ]
